Creating a new Next.js app in /home/karma/Documents/Desktop/codes/AI/pathuu/TrustHire/frontend.

Using npm.

Initializing project with template: app 


Installing dependencies:
- next
- react
- react-dom

Installing devDependencies:
- @types/node
- @types/react
- @types/react-dom
- eslint
- eslint-config-next
- typescript


added 342 packages, and audited 343 packages in 42s

139 packages are looking for funding
  run `npm fund` for details

found 0 vulnerabilities

Generating route types...
✓ Types generated successfully

Initialized a git repository.

Success! Created frontend at /home/karma/Documents/Desktop/codes/AI/pathuu/TrustHire/frontend

